version https://git-lfs.github.com/spec/v1
oid sha256:5092fc1bcee2f6d6ee64161f3ef466e6773ca0cbdc95854397cb289317b608dc
size 19639
